<?xml version="1.0" encoding="UTF-8"?>
<!-- Generated by org.testng.reporters.JUnitReportReporter -->
<testsuite hostname="vinod" failures="0" tests="1" name="testCases.TC_002_Login" time="4.619" errors="0" timestamp="2024-03-11T10:14:33 IST" skipped="0">
  <testcase classname="testCases.TC_002_Login" name="LoginAccount" time="4.619"/>
</testsuite> <!-- testCases.TC_002_Login -->
