<?xml version="1.0" encoding="UTF-8"?>
<!-- Generated by org.testng.reporters.JUnitReportReporter -->
<testsuite hostname="vinod" failures="0" tests="2" name="testCases.TC_004_PayUser_Task3" time="40.452" errors="0" timestamp="2024-04-02T11:04:20 IST" skipped="0">
  <testcase classname="testCases.TC_004_PayUser_Task3" name="setup" time="19.702"/>
  <testcase classname="testCases.TC_004_PayUser_Task3" name="register" time="20.750"/>
</testsuite> <!-- testCases.TC_004_PayUser_Task3 -->
