<?xml version="1.0" encoding="UTF-8"?>
<!-- Generated by org.testng.reporters.JUnitReportReporter -->
<testsuite hostname="vinod" failures="0" tests="1" name="testCases.TC_001_New_registration" time="42.694" errors="0" timestamp="2024-03-06T10:21:42 IST" skipped="0">
  <testcase classname="testCases.TC_001_New_registration" name="registrationAccount" time="42.694"/>
</testsuite> <!-- testCases.TC_001_New_registration -->
