<?xml version="1.0" encoding="UTF-8"?>
<!-- Generated by org.testng.reporters.JUnitReportReporter -->
<testsuite hostname="vinod" failures="0" tests="2" name="testCases.TC_003_PayUser" time="31.250" errors="0" timestamp="2024-04-01T12:53:18 IST" skipped="0">
  <testcase classname="testCases.TC_003_PayUser" name="setup" time="17.820"/>
  <testcase classname="testCases.TC_003_PayUser" name="register" time="13.430"/>
</testsuite> <!-- testCases.TC_003_PayUser -->
