<?xml version="1.0" encoding="UTF-8"?>
<!-- Generated by org.testng.reporters.JUnitReportReporter -->
<testsuite hostname="vinod" failures="0" tests="2" name="testCases.TC_007_ReceiveQRCode" time="29.189" errors="0" timestamp="2024-04-23T11:03:27 IST" skipped="0">
  <testcase classname="testCases.TC_007_ReceiveQRCode" name="setup" time="12.378"/>
  <testcase classname="testCases.TC_007_ReceiveQRCode" name="register" time="16.811"/>
</testsuite> <!-- testCases.TC_007_ReceiveQRCode -->
